2023-04-18 20:51:36,138 INFO    Thread-1995 (_run_job):15732 [wandb_setup.py:_flush():76] Configure stats pid to 15732
2023-04-18 20:51:36,138 INFO    Thread-1995 (_run_job):15732 [wandb_setup.py:_flush():76] Loading settings from C:\Users\cosmi\.config\wandb\settings
2023-04-18 20:51:36,138 INFO    Thread-1995 (_run_job):15732 [wandb_setup.py:_flush():76] Loading settings from C:\MyDocuments\Disertatie\segments\wandb_visualization\wandb\settings
2023-04-18 20:51:36,138 INFO    Thread-1995 (_run_job):15732 [wandb_setup.py:_flush():76] Loading settings from environment variables: {'entity': 'cosminaionut', 'project': 'Defect-Detection-Sweep', 'root_dir': 'C:\\MyDocuments\\Disertatie\\segments\\wandb_visualization', 'run_id': 'dgfh6j54', 'sweep_param_path': 'C:\\MyDocuments\\Disertatie\\segments\\wandb_visualization\\wandb\\sweep-jhqu5hnj\\config-dgfh6j54.yaml', 'sweep_id': 'jhqu5hnj'}
2023-04-18 20:51:36,138 INFO    Thread-1995 (_run_job):15732 [wandb_setup.py:_flush():76] Applying setup settings: {'_disable_service': False}
2023-04-18 20:51:36,138 INFO    Thread-1995 (_run_job):15732 [wandb_setup.py:_flush():76] Inferring run settings from compute environment: {'program_relpath': 'sweeps_configuration.py', 'program': 'C:\\MyDocuments\\Disertatie\\segments\\wandb_visualization\\sweeps_configuration.py'}
2023-04-18 20:51:36,138 INFO    Thread-1995 (_run_job):15732 [wandb_init.py:_log_setup():507] Logging user logs to C:\MyDocuments\Disertatie\segments\wandb_visualization\wandb\run-20230418_205136-dgfh6j54\logs\debug.log
2023-04-18 20:51:36,138 INFO    Thread-1995 (_run_job):15732 [wandb_init.py:_log_setup():508] Logging internal logs to C:\MyDocuments\Disertatie\segments\wandb_visualization\wandb\run-20230418_205136-dgfh6j54\logs\debug-internal.log
2023-04-18 20:51:36,138 INFO    Thread-1995 (_run_job):15732 [wandb_init.py:init():547] calling init triggers
2023-04-18 20:51:36,138 INFO    Thread-1995 (_run_job):15732 [wandb_init.py:init():554] wandb.init called with sweep_config: {'batch_size': 24, 'epochs': 50, 'hidden_layer_size': [32, 64, 128, 256], 'learning_rate': 0.034508089937452247, 'monitor': 'val_loss', 'optimizer': 'adam', 'patience': 3}
config: {}
2023-04-18 20:51:36,138 INFO    Thread-1995 (_run_job):15732 [wandb_init.py:init():595] starting backend
2023-04-18 20:51:36,138 INFO    Thread-1995 (_run_job):15732 [wandb_init.py:init():599] setting up manager
2023-04-18 20:51:36,155 INFO    Thread-1995 (_run_job):15732 [backend.py:_multiprocessing_setup():106] multiprocessing start_methods=spawn, using: spawn
2023-04-18 20:51:36,170 INFO    Thread-1995 (_run_job):15732 [wandb_init.py:init():605] backend started and connected
2023-04-18 20:51:36,193 INFO    Thread-1995 (_run_job):15732 [wandb_run.py:_config_callback():1285] config_cb None None {'batch_size': 24, 'epochs': 50, 'hidden_layer_size': [32, 64, 128, 256], 'learning_rate': 0.034508089937452247, 'monitor': 'val_loss', 'optimizer': 'adam', 'patience': 3}
2023-04-18 20:51:36,193 INFO    Thread-1995 (_run_job):15732 [wandb_init.py:init():695] updated telemetry
2023-04-18 20:51:36,202 INFO    Thread-1995 (_run_job):15732 [wandb_init.py:init():732] communicating run to backend with 60.0 second timeout
2023-04-18 20:52:04,886 INFO    Thread-1996 (wrapped_target):15732 [retry.py:__call__():172] Retry attempt failed:
Traceback (most recent call last):
  File "C:\Python310\lib\site-packages\urllib3\connectionpool.py", line 449, in _make_request
    six.raise_from(e, None)
  File "<string>", line 3, in raise_from
  File "C:\Python310\lib\site-packages\urllib3\connectionpool.py", line 444, in _make_request
    httplib_response = conn.getresponse()
  File "C:\Python310\lib\http\client.py", line 1374, in getresponse
    response.begin()
  File "C:\Python310\lib\http\client.py", line 318, in begin
    version, status, reason = self._read_status()
  File "C:\Python310\lib\http\client.py", line 279, in _read_status
    line = str(self.fp.readline(_MAXLINE + 1), "iso-8859-1")
  File "C:\Python310\lib\socket.py", line 705, in readinto
    return self._sock.recv_into(b)
  File "C:\Python310\lib\ssl.py", line 1274, in recv_into
    return self.read(nbytes, buffer)
  File "C:\Python310\lib\ssl.py", line 1130, in read
    return self._sslobj.read(len, buffer)
TimeoutError: The read operation timed out

During handling of the above exception, another exception occurred:

Traceback (most recent call last):
  File "C:\Python310\lib\site-packages\requests\adapters.py", line 489, in send
    resp = conn.urlopen(
  File "C:\Python310\lib\site-packages\urllib3\connectionpool.py", line 787, in urlopen
    retries = retries.increment(
  File "C:\Python310\lib\site-packages\urllib3\util\retry.py", line 550, in increment
    raise six.reraise(type(error), error, _stacktrace)
  File "C:\Python310\lib\site-packages\urllib3\packages\six.py", line 770, in reraise
    raise value
  File "C:\Python310\lib\site-packages\urllib3\connectionpool.py", line 703, in urlopen
    httplib_response = self._make_request(
  File "C:\Python310\lib\site-packages\urllib3\connectionpool.py", line 451, in _make_request
    self._raise_timeout(err=e, url=url, timeout_value=read_timeout)
  File "C:\Python310\lib\site-packages\urllib3\connectionpool.py", line 340, in _raise_timeout
    raise ReadTimeoutError(
urllib3.exceptions.ReadTimeoutError: HTTPSConnectionPool(host='api.wandb.ai', port=443): Read timed out. (read timeout=10)

During handling of the above exception, another exception occurred:

Traceback (most recent call last):
  File "C:\Python310\lib\site-packages\wandb\sdk\lib\retry.py", line 131, in __call__
    result = self._call_fn(*args, **kwargs)
  File "C:\Python310\lib\site-packages\wandb\sdk\internal\internal_api.py", line 285, in execute
    return self.client.execute(*args, **kwargs)  # type: ignore
  File "C:\Python310\lib\site-packages\wandb\vendor\gql-0.2.0\wandb_gql\client.py", line 52, in execute
    result = self._get_result(document, *args, **kwargs)
  File "C:\Python310\lib\site-packages\wandb\vendor\gql-0.2.0\wandb_gql\client.py", line 60, in _get_result
    return self.transport.execute(document, *args, **kwargs)
  File "C:\Python310\lib\site-packages\wandb\sdk\lib\gql_request.py", line 55, in execute
    request = self.session.post(self.url, **post_args)
  File "C:\Python310\lib\site-packages\requests\sessions.py", line 635, in post
    return self.request("POST", url, data=data, json=json, **kwargs)
  File "C:\Python310\lib\site-packages\requests\sessions.py", line 587, in request
    resp = self.send(prep, **send_kwargs)
  File "C:\Python310\lib\site-packages\requests\sessions.py", line 701, in send
    r = adapter.send(request, **kwargs)
  File "C:\Python310\lib\site-packages\requests\adapters.py", line 578, in send
    raise ReadTimeout(e, request=request)
requests.exceptions.ReadTimeout: HTTPSConnectionPool(host='api.wandb.ai', port=443): Read timed out. (read timeout=10)
2023-04-18 20:52:36,636 ERROR   Thread-1995 (_run_job):15732 [wandb_init.py:init():758] encountered error: Run initialization has timed out after 60.0 sec. 
Please refer to the documentation for additional information: https://docs.wandb.ai/guides/track/tracking-faq#initstarterror-error-communicating-with-wandb-process-
2023-04-18 20:52:36,756 ERROR   Thread-1995 (_run_job):15732 [wandb_init.py:init():1163] Run initialization has timed out after 60.0 sec. 
Please refer to the documentation for additional information: https://docs.wandb.ai/guides/track/tracking-faq#initstarterror-error-communicating-with-wandb-process-
Traceback (most recent call last):
  File "C:\Python310\lib\site-packages\wandb\sdk\wandb_init.py", line 1145, in init
    run = wi.init()
  File "C:\Python310\lib\site-packages\wandb\sdk\wandb_init.py", line 764, in init
    raise error
wandb.errors.CommError: Run initialization has timed out after 60.0 sec. 
Please refer to the documentation for additional information: https://docs.wandb.ai/guides/track/tracking-faq#initstarterror-error-communicating-with-wandb-process-
2023-04-18 20:52:36,756 ERROR   MainThread:15732 [pyagent.py:_run_jobs_from_queue():226] Run dgfh6j54 errored: CommError('Run initialization has timed out after 60.0 sec. \nPlease refer to the documentation for additional information: https://docs.wandb.ai/guides/track/tracking-faq#initstarterror-error-communicating-with-wandb-process-')
2023-04-18 20:52:50,117 WARNING MsgRouterThr:15732 [router.py:message_loop():77] message_loop has been closed
2023-04-18 20:52:52,932 INFO    Thread-1998 (_run_job):15732 [wandb_setup.py:_flush():76] Configure stats pid to 15732
2023-04-18 20:52:52,932 INFO    Thread-1998 (_run_job):15732 [wandb_setup.py:_flush():76] Loading settings from C:\Users\cosmi\.config\wandb\settings
2023-04-18 20:52:52,932 INFO    Thread-1998 (_run_job):15732 [wandb_setup.py:_flush():76] Loading settings from C:\MyDocuments\Disertatie\segments\wandb_visualization\wandb\settings
2023-04-18 20:52:52,932 INFO    Thread-1998 (_run_job):15732 [wandb_setup.py:_flush():76] Loading settings from environment variables: {'entity': 'cosminaionut', 'project': 'Defect-Detection-Sweep', 'root_dir': 'C:\\MyDocuments\\Disertatie\\segments\\wandb_visualization', 'run_id': 'ta1tuw50', 'sweep_param_path': 'C:\\MyDocuments\\Disertatie\\segments\\wandb_visualization\\wandb\\sweep-jhqu5hnj\\config-ta1tuw50.yaml', 'sweep_id': 'jhqu5hnj'}
2023-04-18 20:52:52,932 INFO    Thread-1998 (_run_job):15732 [wandb_setup.py:_flush():76] Applying setup settings: {'_disable_service': False}
2023-04-18 20:52:52,932 INFO    Thread-1998 (_run_job):15732 [wandb_setup.py:_flush():76] Inferring run settings from compute environment: {'program_relpath': 'sweeps_configuration.py', 'program': 'C:\\MyDocuments\\Disertatie\\segments\\wandb_visualization\\sweeps_configuration.py'}
2023-04-18 20:52:52,932 INFO    Thread-1998 (_run_job):15732 [wandb_init.py:_log_setup():507] Logging user logs to C:\MyDocuments\Disertatie\segments\wandb_visualization\wandb\run-20230418_205252-ta1tuw50\logs\debug.log
2023-04-18 20:52:52,932 INFO    Thread-1998 (_run_job):15732 [wandb_init.py:_log_setup():508] Logging internal logs to C:\MyDocuments\Disertatie\segments\wandb_visualization\wandb\run-20230418_205252-ta1tuw50\logs\debug-internal.log
2023-04-18 20:52:52,932 INFO    Thread-1998 (_run_job):15732 [wandb_init.py:init():547] calling init triggers
2023-04-18 20:52:52,932 INFO    Thread-1998 (_run_job):15732 [wandb_init.py:init():554] wandb.init called with sweep_config: {'batch_size': 160, 'epochs': 20, 'hidden_layer_size': [32, 64, 128, 256], 'learning_rate': 0.07190154039379697, 'monitor': 'val_loss', 'optimizer': 'adam', 'patience': 3}
config: {}
2023-04-18 20:52:52,932 INFO    Thread-1998 (_run_job):15732 [wandb_init.py:init():595] starting backend
2023-04-18 20:52:52,932 INFO    Thread-1998 (_run_job):15732 [wandb_init.py:init():599] setting up manager
2023-04-18 20:52:52,948 INFO    Thread-1998 (_run_job):15732 [backend.py:_multiprocessing_setup():106] multiprocessing start_methods=spawn, using: spawn
2023-04-18 20:52:52,965 INFO    Thread-1998 (_run_job):15732 [wandb_init.py:init():605] backend started and connected
2023-04-18 20:52:52,980 INFO    Thread-1998 (_run_job):15732 [wandb_run.py:_config_callback():1285] config_cb None None {'batch_size': 160, 'epochs': 20, 'hidden_layer_size': [32, 64, 128, 256], 'learning_rate': 0.07190154039379697, 'monitor': 'val_loss', 'optimizer': 'adam', 'patience': 3}
2023-04-18 20:52:52,980 INFO    Thread-1998 (_run_job):15732 [wandb_init.py:init():695] updated telemetry
2023-04-18 20:52:52,980 INFO    Thread-1998 (_run_job):15732 [wandb_init.py:init():732] communicating run to backend with 60.0 second timeout
2023-04-18 20:52:53,804 INFO    Thread-1998 (_run_job):15732 [wandb_run.py:_on_init():2176] communicating current version
2023-04-18 20:52:54,030 INFO    Thread-1998 (_run_job):15732 [wandb_run.py:_on_init():2185] got version response 
2023-04-18 20:52:54,030 INFO    Thread-1998 (_run_job):15732 [wandb_init.py:init():782] starting run threads in backend
2023-04-18 20:52:55,317 INFO    Thread-1998 (_run_job):15732 [wandb_run.py:_console_start():2157] atexit reg
2023-04-18 20:52:55,317 INFO    Thread-1998 (_run_job):15732 [wandb_run.py:_redirect():2012] redirect: SettingsConsole.WRAP_RAW
2023-04-18 20:52:55,317 INFO    Thread-1998 (_run_job):15732 [wandb_run.py:_redirect():2077] Wrapping output streams.
2023-04-18 20:52:55,317 INFO    Thread-1998 (_run_job):15732 [wandb_run.py:_redirect():2102] Redirects installed.
2023-04-18 20:52:55,319 INFO    Thread-1998 (_run_job):15732 [wandb_init.py:init():824] run started, returning control to user process
2023-04-18 20:54:04,253 INFO    Thread-1998 (_run_job):15732 [wandb_run.py:_finish():1892] finishing run cosminaionut/Defect-Detection-Sweep/ta1tuw50
2023-04-18 20:54:04,253 INFO    Thread-1998 (_run_job):15732 [wandb_run.py:_atexit_cleanup():2126] got exitcode: 0
2023-04-18 20:54:04,253 INFO    Thread-1998 (_run_job):15732 [wandb_run.py:_restore():2109] restore
2023-04-18 20:54:04,253 INFO    Thread-1998 (_run_job):15732 [wandb_run.py:_restore():2115] restore done
2023-04-18 20:54:19,467 INFO    Thread-1998 (_run_job):15732 [wandb_run.py:_footer_history_summary_info():3476] rendering history
2023-04-18 20:54:19,467 INFO    Thread-1998 (_run_job):15732 [wandb_run.py:_footer_history_summary_info():3508] rendering summary
2023-04-18 20:54:19,467 INFO    Thread-1998 (_run_job):15732 [wandb_run.py:_footer_sync_info():3434] logging synced files
2023-04-18 20:54:23,644 INFO    Thread-2199 (_run_job):15732 [wandb_setup.py:_flush():76] Configure stats pid to 15732
2023-04-18 20:54:23,644 INFO    Thread-2199 (_run_job):15732 [wandb_setup.py:_flush():76] Loading settings from C:\Users\cosmi\.config\wandb\settings
2023-04-18 20:54:23,644 INFO    Thread-2199 (_run_job):15732 [wandb_setup.py:_flush():76] Loading settings from C:\MyDocuments\Disertatie\segments\wandb_visualization\wandb\settings
2023-04-18 20:54:23,644 INFO    Thread-2199 (_run_job):15732 [wandb_setup.py:_flush():76] Loading settings from environment variables: {'entity': 'cosminaionut', 'project': 'Defect-Detection-Sweep', 'root_dir': 'C:\\MyDocuments\\Disertatie\\segments\\wandb_visualization', 'run_id': '18v1vgzo', 'sweep_param_path': 'C:\\MyDocuments\\Disertatie\\segments\\wandb_visualization\\wandb\\sweep-jhqu5hnj\\config-18v1vgzo.yaml', 'sweep_id': 'jhqu5hnj'}
2023-04-18 20:54:23,644 INFO    Thread-2199 (_run_job):15732 [wandb_setup.py:_flush():76] Applying setup settings: {'_disable_service': False}
2023-04-18 20:54:23,644 INFO    Thread-2199 (_run_job):15732 [wandb_setup.py:_flush():76] Inferring run settings from compute environment: {'program_relpath': 'sweeps_configuration.py', 'program': 'C:\\MyDocuments\\Disertatie\\segments\\wandb_visualization\\sweeps_configuration.py'}
2023-04-18 20:54:23,644 INFO    Thread-2199 (_run_job):15732 [wandb_init.py:_log_setup():507] Logging user logs to C:\MyDocuments\Disertatie\segments\wandb_visualization\wandb\run-20230418_205423-18v1vgzo\logs\debug.log
2023-04-18 20:54:23,644 INFO    Thread-2199 (_run_job):15732 [wandb_init.py:_log_setup():508] Logging internal logs to C:\MyDocuments\Disertatie\segments\wandb_visualization\wandb\run-20230418_205423-18v1vgzo\logs\debug-internal.log
2023-04-18 20:54:23,644 INFO    Thread-2199 (_run_job):15732 [wandb_init.py:init():547] calling init triggers
2023-04-18 20:54:23,644 INFO    Thread-2199 (_run_job):15732 [wandb_init.py:init():554] wandb.init called with sweep_config: {'batch_size': 136, 'epochs': 30, 'hidden_layer_size': [128, 128, 128], 'learning_rate': 0.055153093972532846, 'monitor': 'val_mse', 'optimizer': 'adam', 'patience': 1}
config: {}
2023-04-18 20:54:23,644 INFO    Thread-2199 (_run_job):15732 [wandb_init.py:init():595] starting backend
2023-04-18 20:54:23,644 INFO    Thread-2199 (_run_job):15732 [wandb_init.py:init():599] setting up manager
2023-04-18 20:54:23,660 INFO    Thread-2199 (_run_job):15732 [backend.py:_multiprocessing_setup():106] multiprocessing start_methods=spawn, using: spawn
2023-04-18 20:54:23,684 INFO    Thread-2199 (_run_job):15732 [wandb_init.py:init():605] backend started and connected
2023-04-18 20:54:23,700 INFO    Thread-2199 (_run_job):15732 [wandb_run.py:_config_callback():1285] config_cb None None {'batch_size': 136, 'epochs': 30, 'hidden_layer_size': [128, 128, 128], 'learning_rate': 0.055153093972532846, 'monitor': 'val_mse', 'optimizer': 'adam', 'patience': 1}
2023-04-18 20:54:23,700 INFO    Thread-2199 (_run_job):15732 [wandb_init.py:init():695] updated telemetry
2023-04-18 20:54:23,708 INFO    Thread-2199 (_run_job):15732 [wandb_init.py:init():732] communicating run to backend with 60.0 second timeout
2023-04-18 20:54:24,201 INFO    Thread-2199 (_run_job):15732 [wandb_run.py:_on_init():2176] communicating current version
2023-04-18 20:54:24,380 INFO    Thread-2199 (_run_job):15732 [wandb_run.py:_on_init():2185] got version response 
2023-04-18 20:54:24,380 INFO    Thread-2199 (_run_job):15732 [wandb_init.py:init():782] starting run threads in backend
2023-04-18 20:54:24,926 INFO    Thread-2199 (_run_job):15732 [wandb_run.py:_console_start():2157] atexit reg
2023-04-18 20:54:24,927 INFO    Thread-2199 (_run_job):15732 [wandb_run.py:_redirect():2012] redirect: SettingsConsole.WRAP_RAW
2023-04-18 20:54:24,927 INFO    Thread-2199 (_run_job):15732 [wandb_run.py:_redirect():2077] Wrapping output streams.
2023-04-18 20:54:24,927 INFO    Thread-2199 (_run_job):15732 [wandb_run.py:_redirect():2102] Redirects installed.
2023-04-18 20:54:24,927 INFO    Thread-2199 (_run_job):15732 [wandb_init.py:init():824] run started, returning control to user process
2023-04-18 20:55:56,285 INFO    Thread-2199 (_run_job):15732 [wandb_run.py:_finish():1892] finishing run cosminaionut/Defect-Detection-Sweep/18v1vgzo
2023-04-18 20:55:56,285 INFO    Thread-2199 (_run_job):15732 [wandb_run.py:_atexit_cleanup():2126] got exitcode: 0
2023-04-18 20:55:56,285 INFO    Thread-2199 (_run_job):15732 [wandb_run.py:_restore():2109] restore
2023-04-18 20:55:56,285 INFO    Thread-2199 (_run_job):15732 [wandb_run.py:_restore():2115] restore done
2023-04-18 20:56:32,757 INFO    Thread-2199 (_run_job):15732 [wandb_run.py:_footer_history_summary_info():3476] rendering history
2023-04-18 20:56:32,757 INFO    Thread-2199 (_run_job):15732 [wandb_run.py:_footer_history_summary_info():3508] rendering summary
2023-04-18 20:56:32,759 INFO    Thread-2199 (_run_job):15732 [wandb_run.py:_footer_sync_info():3434] logging synced files
2023-04-18 20:56:40,048 INFO    Thread-2587 (_run_job):15732 [wandb_setup.py:_flush():76] Configure stats pid to 15732
2023-04-18 20:56:40,048 INFO    Thread-2587 (_run_job):15732 [wandb_setup.py:_flush():76] Loading settings from C:\Users\cosmi\.config\wandb\settings
2023-04-18 20:56:40,048 INFO    Thread-2587 (_run_job):15732 [wandb_setup.py:_flush():76] Loading settings from C:\MyDocuments\Disertatie\segments\wandb_visualization\wandb\settings
2023-04-18 20:56:40,048 INFO    Thread-2587 (_run_job):15732 [wandb_setup.py:_flush():76] Loading settings from environment variables: {'entity': 'cosminaionut', 'project': 'Defect-Detection-Sweep', 'root_dir': 'C:\\MyDocuments\\Disertatie\\segments\\wandb_visualization', 'run_id': 'mkflhywa', 'sweep_param_path': 'C:\\MyDocuments\\Disertatie\\segments\\wandb_visualization\\wandb\\sweep-jhqu5hnj\\config-mkflhywa.yaml', 'sweep_id': 'jhqu5hnj'}
2023-04-18 20:56:40,048 INFO    Thread-2587 (_run_job):15732 [wandb_setup.py:_flush():76] Applying setup settings: {'_disable_service': False}
2023-04-18 20:56:40,048 INFO    Thread-2587 (_run_job):15732 [wandb_setup.py:_flush():76] Inferring run settings from compute environment: {'program_relpath': 'sweeps_configuration.py', 'program': 'C:\\MyDocuments\\Disertatie\\segments\\wandb_visualization\\sweeps_configuration.py'}
2023-04-18 20:56:40,048 INFO    Thread-2587 (_run_job):15732 [wandb_init.py:_log_setup():507] Logging user logs to C:\MyDocuments\Disertatie\segments\wandb_visualization\wandb\run-20230418_205640-mkflhywa\logs\debug.log
2023-04-18 20:56:40,048 INFO    Thread-2587 (_run_job):15732 [wandb_init.py:_log_setup():508] Logging internal logs to C:\MyDocuments\Disertatie\segments\wandb_visualization\wandb\run-20230418_205640-mkflhywa\logs\debug-internal.log
2023-04-18 20:56:40,048 INFO    Thread-2587 (_run_job):15732 [wandb_init.py:init():547] calling init triggers
2023-04-18 20:56:40,048 INFO    Thread-2587 (_run_job):15732 [wandb_init.py:init():554] wandb.init called with sweep_config: {'batch_size': 112, 'epochs': 50, 'hidden_layer_size': [32, 64, 128, 256], 'learning_rate': 0.03431918009612189, 'monitor': 'val_loss', 'optimizer': 'sgd', 'patience': 5}
config: {}
2023-04-18 20:56:40,048 INFO    Thread-2587 (_run_job):15732 [wandb_init.py:init():595] starting backend
2023-04-18 20:56:40,048 INFO    Thread-2587 (_run_job):15732 [wandb_init.py:init():599] setting up manager
2023-04-18 20:56:40,064 INFO    Thread-2587 (_run_job):15732 [backend.py:_multiprocessing_setup():106] multiprocessing start_methods=spawn, using: spawn
2023-04-18 20:56:40,088 INFO    Thread-2587 (_run_job):15732 [wandb_init.py:init():605] backend started and connected
2023-04-18 20:56:40,097 INFO    Thread-2587 (_run_job):15732 [wandb_run.py:_config_callback():1285] config_cb None None {'batch_size': 112, 'epochs': 50, 'hidden_layer_size': [32, 64, 128, 256], 'learning_rate': 0.03431918009612189, 'monitor': 'val_loss', 'optimizer': 'sgd', 'patience': 5}
2023-04-18 20:56:40,097 INFO    Thread-2587 (_run_job):15732 [wandb_init.py:init():695] updated telemetry
2023-04-18 20:56:40,097 INFO    Thread-2587 (_run_job):15732 [wandb_init.py:init():732] communicating run to backend with 60.0 second timeout
2023-04-18 20:56:40,650 INFO    Thread-2587 (_run_job):15732 [wandb_run.py:_on_init():2176] communicating current version
2023-04-18 20:56:40,850 INFO    Thread-2587 (_run_job):15732 [wandb_run.py:_on_init():2185] got version response 
2023-04-18 20:56:40,850 INFO    Thread-2587 (_run_job):15732 [wandb_init.py:init():782] starting run threads in backend
2023-04-18 20:56:41,434 INFO    Thread-2587 (_run_job):15732 [wandb_run.py:_console_start():2157] atexit reg
2023-04-18 20:56:41,434 INFO    Thread-2587 (_run_job):15732 [wandb_run.py:_redirect():2012] redirect: SettingsConsole.WRAP_RAW
2023-04-18 20:56:41,434 INFO    Thread-2587 (_run_job):15732 [wandb_run.py:_redirect():2077] Wrapping output streams.
2023-04-18 20:56:41,434 INFO    Thread-2587 (_run_job):15732 [wandb_run.py:_redirect():2102] Redirects installed.
2023-04-18 20:56:41,434 INFO    Thread-2587 (_run_job):15732 [wandb_init.py:init():824] run started, returning control to user process
2023-04-18 20:59:40,179 INFO    Thread-2587 (_run_job):15732 [wandb_run.py:_finish():1892] finishing run cosminaionut/Defect-Detection-Sweep/mkflhywa
2023-04-18 20:59:40,179 INFO    Thread-2587 (_run_job):15732 [wandb_run.py:_atexit_cleanup():2126] got exitcode: 0
2023-04-18 20:59:40,179 INFO    Thread-2587 (_run_job):15732 [wandb_run.py:_restore():2109] restore
2023-04-18 20:59:40,179 INFO    Thread-2587 (_run_job):15732 [wandb_run.py:_restore():2115] restore done
2023-04-18 21:00:27,246 INFO    Thread-2587 (_run_job):15732 [wandb_run.py:_footer_history_summary_info():3476] rendering history
2023-04-18 21:00:27,248 INFO    Thread-2587 (_run_job):15732 [wandb_run.py:_footer_history_summary_info():3508] rendering summary
2023-04-18 21:00:27,251 INFO    Thread-2587 (_run_job):15732 [wandb_run.py:_footer_sync_info():3434] logging synced files
2023-04-18 21:00:34,409 INFO    Thread-3305 (_run_job):15732 [wandb_setup.py:_flush():76] Configure stats pid to 15732
2023-04-18 21:00:34,409 INFO    Thread-3305 (_run_job):15732 [wandb_setup.py:_flush():76] Loading settings from C:\Users\cosmi\.config\wandb\settings
2023-04-18 21:00:34,409 INFO    Thread-3305 (_run_job):15732 [wandb_setup.py:_flush():76] Loading settings from C:\MyDocuments\Disertatie\segments\wandb_visualization\wandb\settings
2023-04-18 21:00:34,409 INFO    Thread-3305 (_run_job):15732 [wandb_setup.py:_flush():76] Loading settings from environment variables: {'entity': 'cosminaionut', 'project': 'Defect-Detection-Sweep', 'root_dir': 'C:\\MyDocuments\\Disertatie\\segments\\wandb_visualization', 'run_id': 'qvtytqd7', 'sweep_param_path': 'C:\\MyDocuments\\Disertatie\\segments\\wandb_visualization\\wandb\\sweep-jhqu5hnj\\config-qvtytqd7.yaml', 'sweep_id': 'jhqu5hnj'}
2023-04-18 21:00:34,409 INFO    Thread-3305 (_run_job):15732 [wandb_setup.py:_flush():76] Applying setup settings: {'_disable_service': False}
2023-04-18 21:00:34,409 INFO    Thread-3305 (_run_job):15732 [wandb_setup.py:_flush():76] Inferring run settings from compute environment: {'program_relpath': 'sweeps_configuration.py', 'program': 'C:\\MyDocuments\\Disertatie\\segments\\wandb_visualization\\sweeps_configuration.py'}
2023-04-18 21:00:34,409 INFO    Thread-3305 (_run_job):15732 [wandb_init.py:_log_setup():507] Logging user logs to C:\MyDocuments\Disertatie\segments\wandb_visualization\wandb\run-20230418_210034-qvtytqd7\logs\debug.log
2023-04-18 21:00:34,409 INFO    Thread-3305 (_run_job):15732 [wandb_init.py:_log_setup():508] Logging internal logs to C:\MyDocuments\Disertatie\segments\wandb_visualization\wandb\run-20230418_210034-qvtytqd7\logs\debug-internal.log
2023-04-18 21:00:34,409 INFO    Thread-3305 (_run_job):15732 [wandb_init.py:init():547] calling init triggers
2023-04-18 21:00:34,409 INFO    Thread-3305 (_run_job):15732 [wandb_init.py:init():554] wandb.init called with sweep_config: {'batch_size': 56, 'epochs': 20, 'hidden_layer_size': [128, 128, 128], 'learning_rate': 0.003730774679387328, 'monitor': 'val_loss', 'optimizer': 'rmsprop', 'patience': 1}
config: {}
2023-04-18 21:00:34,409 INFO    Thread-3305 (_run_job):15732 [wandb_init.py:init():595] starting backend
2023-04-18 21:00:34,409 INFO    Thread-3305 (_run_job):15732 [wandb_init.py:init():599] setting up manager
2023-04-18 21:00:34,429 INFO    Thread-3305 (_run_job):15732 [backend.py:_multiprocessing_setup():106] multiprocessing start_methods=spawn, using: spawn
2023-04-18 21:00:34,447 INFO    Thread-3305 (_run_job):15732 [wandb_init.py:init():605] backend started and connected
2023-04-18 21:00:34,455 INFO    Thread-3305 (_run_job):15732 [wandb_run.py:_config_callback():1285] config_cb None None {'batch_size': 56, 'epochs': 20, 'hidden_layer_size': [128, 128, 128], 'learning_rate': 0.003730774679387328, 'monitor': 'val_loss', 'optimizer': 'rmsprop', 'patience': 1}
2023-04-18 21:00:34,455 INFO    Thread-3305 (_run_job):15732 [wandb_init.py:init():695] updated telemetry
2023-04-18 21:00:34,455 INFO    Thread-3305 (_run_job):15732 [wandb_init.py:init():732] communicating run to backend with 60.0 second timeout
2023-04-18 21:00:34,952 INFO    Thread-3305 (_run_job):15732 [wandb_run.py:_on_init():2176] communicating current version
2023-04-18 21:00:35,162 INFO    Thread-3305 (_run_job):15732 [wandb_run.py:_on_init():2185] got version response 
2023-04-18 21:00:35,162 INFO    Thread-3305 (_run_job):15732 [wandb_init.py:init():782] starting run threads in backend
2023-04-18 21:00:36,402 INFO    Thread-3305 (_run_job):15732 [wandb_run.py:_console_start():2157] atexit reg
2023-04-18 21:00:36,402 INFO    Thread-3305 (_run_job):15732 [wandb_run.py:_redirect():2012] redirect: SettingsConsole.WRAP_RAW
2023-04-18 21:00:36,402 INFO    Thread-3305 (_run_job):15732 [wandb_run.py:_redirect():2077] Wrapping output streams.
2023-04-18 21:00:36,402 INFO    Thread-3305 (_run_job):15732 [wandb_run.py:_redirect():2102] Redirects installed.
2023-04-18 21:00:36,402 INFO    Thread-3305 (_run_job):15732 [wandb_init.py:init():824] run started, returning control to user process
2023-04-18 21:02:27,678 INFO    Thread-3305 (_run_job):15732 [wandb_run.py:_finish():1892] finishing run cosminaionut/Defect-Detection-Sweep/qvtytqd7
2023-04-18 21:02:27,678 INFO    Thread-3305 (_run_job):15732 [wandb_run.py:_atexit_cleanup():2126] got exitcode: 0
2023-04-18 21:02:27,678 INFO    Thread-3305 (_run_job):15732 [wandb_run.py:_restore():2109] restore
2023-04-18 21:02:27,678 INFO    Thread-3305 (_run_job):15732 [wandb_run.py:_restore():2115] restore done
2023-04-18 21:03:19,010 INFO    Thread-3305 (_run_job):15732 [wandb_run.py:_footer_history_summary_info():3476] rendering history
2023-04-18 21:03:19,010 INFO    Thread-3305 (_run_job):15732 [wandb_run.py:_footer_history_summary_info():3508] rendering summary
2023-04-18 21:03:19,017 INFO    Thread-3305 (_run_job):15732 [wandb_run.py:_footer_sync_info():3434] logging synced files
2023-04-18 21:03:24,444 INFO    Thread-3759 (_run_job):15732 [wandb_setup.py:_flush():76] Configure stats pid to 15732
2023-04-18 21:03:24,444 INFO    Thread-3759 (_run_job):15732 [wandb_setup.py:_flush():76] Loading settings from C:\Users\cosmi\.config\wandb\settings
2023-04-18 21:03:24,444 INFO    Thread-3759 (_run_job):15732 [wandb_setup.py:_flush():76] Loading settings from C:\MyDocuments\Disertatie\segments\wandb_visualization\wandb\settings
2023-04-18 21:03:24,444 INFO    Thread-3759 (_run_job):15732 [wandb_setup.py:_flush():76] Loading settings from environment variables: {'entity': 'cosminaionut', 'project': 'Defect-Detection-Sweep', 'root_dir': 'C:\\MyDocuments\\Disertatie\\segments\\wandb_visualization', 'run_id': 'bzbjguk7', 'sweep_param_path': 'C:\\MyDocuments\\Disertatie\\segments\\wandb_visualization\\wandb\\sweep-jhqu5hnj\\config-bzbjguk7.yaml', 'sweep_id': 'jhqu5hnj'}
2023-04-18 21:03:24,444 INFO    Thread-3759 (_run_job):15732 [wandb_setup.py:_flush():76] Applying setup settings: {'_disable_service': False}
2023-04-18 21:03:24,444 INFO    Thread-3759 (_run_job):15732 [wandb_setup.py:_flush():76] Inferring run settings from compute environment: {'program_relpath': 'sweeps_configuration.py', 'program': 'C:\\MyDocuments\\Disertatie\\segments\\wandb_visualization\\sweeps_configuration.py'}
2023-04-18 21:03:24,444 INFO    Thread-3759 (_run_job):15732 [wandb_init.py:_log_setup():507] Logging user logs to C:\MyDocuments\Disertatie\segments\wandb_visualization\wandb\run-20230418_210324-bzbjguk7\logs\debug.log
2023-04-18 21:03:24,444 INFO    Thread-3759 (_run_job):15732 [wandb_init.py:_log_setup():508] Logging internal logs to C:\MyDocuments\Disertatie\segments\wandb_visualization\wandb\run-20230418_210324-bzbjguk7\logs\debug-internal.log
2023-04-18 21:03:24,444 INFO    Thread-3759 (_run_job):15732 [wandb_init.py:init():547] calling init triggers
2023-04-18 21:03:24,444 INFO    Thread-3759 (_run_job):15732 [wandb_init.py:init():554] wandb.init called with sweep_config: {'batch_size': 24, 'epochs': 200, 'hidden_layer_size': [128, 128, 128], 'learning_rate': 0.04556389910097724, 'monitor': 'val_loss', 'optimizer': 'rmsprop', 'patience': 10}
config: {}
2023-04-18 21:03:24,444 INFO    Thread-3759 (_run_job):15732 [wandb_init.py:init():595] starting backend
2023-04-18 21:03:24,444 INFO    Thread-3759 (_run_job):15732 [wandb_init.py:init():599] setting up manager
2023-04-18 21:03:24,461 INFO    Thread-3759 (_run_job):15732 [backend.py:_multiprocessing_setup():106] multiprocessing start_methods=spawn, using: spawn
2023-04-18 21:03:24,486 INFO    Thread-3759 (_run_job):15732 [wandb_init.py:init():605] backend started and connected
2023-04-18 21:03:24,494 INFO    Thread-3759 (_run_job):15732 [wandb_run.py:_config_callback():1285] config_cb None None {'batch_size': 24, 'epochs': 200, 'hidden_layer_size': [128, 128, 128], 'learning_rate': 0.04556389910097724, 'monitor': 'val_loss', 'optimizer': 'rmsprop', 'patience': 10}
2023-04-18 21:03:24,505 INFO    Thread-3759 (_run_job):15732 [wandb_init.py:init():695] updated telemetry
2023-04-18 21:03:24,505 INFO    Thread-3759 (_run_job):15732 [wandb_init.py:init():732] communicating run to backend with 60.0 second timeout
2023-04-18 21:03:25,005 INFO    Thread-3759 (_run_job):15732 [wandb_run.py:_on_init():2176] communicating current version
2023-04-18 21:03:25,254 INFO    Thread-3759 (_run_job):15732 [wandb_run.py:_on_init():2185] got version response 
2023-04-18 21:03:25,254 INFO    Thread-3759 (_run_job):15732 [wandb_init.py:init():782] starting run threads in backend
2023-04-18 21:03:25,813 INFO    Thread-3759 (_run_job):15732 [wandb_run.py:_console_start():2157] atexit reg
2023-04-18 21:03:25,813 INFO    Thread-3759 (_run_job):15732 [wandb_run.py:_redirect():2012] redirect: SettingsConsole.WRAP_RAW
2023-04-18 21:03:25,813 INFO    Thread-3759 (_run_job):15732 [wandb_run.py:_redirect():2077] Wrapping output streams.
2023-04-18 21:03:25,813 INFO    Thread-3759 (_run_job):15732 [wandb_run.py:_redirect():2102] Redirects installed.
2023-04-18 21:03:25,813 INFO    Thread-3759 (_run_job):15732 [wandb_init.py:init():824] run started, returning control to user process
2023-04-18 21:16:52,485 INFO    Thread-3759 (_run_job):15732 [wandb_run.py:_finish():1892] finishing run cosminaionut/Defect-Detection-Sweep/bzbjguk7
2023-04-18 21:16:52,485 INFO    Thread-3759 (_run_job):15732 [wandb_run.py:_atexit_cleanup():2126] got exitcode: 0
2023-04-18 21:16:52,485 INFO    Thread-3759 (_run_job):15732 [wandb_run.py:_restore():2109] restore
2023-04-18 21:16:52,485 INFO    Thread-3759 (_run_job):15732 [wandb_run.py:_restore():2115] restore done
2023-04-18 21:16:57,848 INFO    Thread-3759 (_run_job):15732 [wandb_run.py:_footer_history_summary_info():3476] rendering history
2023-04-18 21:16:57,848 INFO    Thread-3759 (_run_job):15732 [wandb_run.py:_footer_history_summary_info():3508] rendering summary
2023-04-18 21:16:57,848 INFO    Thread-3759 (_run_job):15732 [wandb_run.py:_footer_sync_info():3434] logging synced files
2023-04-18 21:17:08,955 INFO    Thread-4290 (_run_job):15732 [wandb_setup.py:_flush():76] Configure stats pid to 15732
2023-04-18 21:17:08,955 INFO    Thread-4290 (_run_job):15732 [wandb_setup.py:_flush():76] Loading settings from C:\Users\cosmi\.config\wandb\settings
2023-04-18 21:17:08,955 INFO    Thread-4290 (_run_job):15732 [wandb_setup.py:_flush():76] Loading settings from C:\MyDocuments\Disertatie\segments\wandb_visualization\wandb\settings
2023-04-18 21:17:08,955 INFO    Thread-4290 (_run_job):15732 [wandb_setup.py:_flush():76] Loading settings from environment variables: {'entity': 'cosminaionut', 'project': 'Defect-Detection-Sweep', 'root_dir': 'C:\\MyDocuments\\Disertatie\\segments\\wandb_visualization', 'run_id': 'a14h36p2', 'sweep_param_path': 'C:\\MyDocuments\\Disertatie\\segments\\wandb_visualization\\wandb\\sweep-jhqu5hnj\\config-a14h36p2.yaml', 'sweep_id': 'jhqu5hnj'}
2023-04-18 21:17:08,955 INFO    Thread-4290 (_run_job):15732 [wandb_setup.py:_flush():76] Applying setup settings: {'_disable_service': False}
2023-04-18 21:17:08,955 INFO    Thread-4290 (_run_job):15732 [wandb_setup.py:_flush():76] Inferring run settings from compute environment: {'program_relpath': 'sweeps_configuration.py', 'program': 'C:\\MyDocuments\\Disertatie\\segments\\wandb_visualization\\sweeps_configuration.py'}
2023-04-18 21:17:08,955 INFO    Thread-4290 (_run_job):15732 [wandb_init.py:_log_setup():507] Logging user logs to C:\MyDocuments\Disertatie\segments\wandb_visualization\wandb\run-20230418_211708-a14h36p2\logs\debug.log
2023-04-18 21:17:08,955 INFO    Thread-4290 (_run_job):15732 [wandb_init.py:_log_setup():508] Logging internal logs to C:\MyDocuments\Disertatie\segments\wandb_visualization\wandb\run-20230418_211708-a14h36p2\logs\debug-internal.log
2023-04-18 21:17:08,955 INFO    Thread-4290 (_run_job):15732 [wandb_init.py:init():547] calling init triggers
2023-04-18 21:17:08,955 INFO    Thread-4290 (_run_job):15732 [wandb_init.py:init():554] wandb.init called with sweep_config: {'batch_size': 64, 'epochs': 150, 'hidden_layer_size': [30], 'learning_rate': 0.06433784613309089, 'monitor': 'val_mse', 'optimizer': 'rmsprop', 'patience': 10}
config: {}
2023-04-18 21:17:08,955 INFO    Thread-4290 (_run_job):15732 [wandb_init.py:init():595] starting backend
2023-04-18 21:17:08,955 INFO    Thread-4290 (_run_job):15732 [wandb_init.py:init():599] setting up manager
2023-04-18 21:17:08,971 INFO    Thread-4290 (_run_job):15732 [backend.py:_multiprocessing_setup():106] multiprocessing start_methods=spawn, using: spawn
2023-04-18 21:17:08,995 INFO    Thread-4290 (_run_job):15732 [wandb_init.py:init():605] backend started and connected
2023-04-18 21:17:09,006 INFO    Thread-4290 (_run_job):15732 [wandb_run.py:_config_callback():1285] config_cb None None {'batch_size': 64, 'epochs': 150, 'hidden_layer_size': [30], 'learning_rate': 0.06433784613309089, 'monitor': 'val_mse', 'optimizer': 'rmsprop', 'patience': 10}
2023-04-18 21:17:09,006 INFO    Thread-4290 (_run_job):15732 [wandb_init.py:init():695] updated telemetry
2023-04-18 21:17:09,006 INFO    Thread-4290 (_run_job):15732 [wandb_init.py:init():732] communicating run to backend with 60.0 second timeout
2023-04-18 21:17:10,998 INFO    Thread-4290 (_run_job):15732 [wandb_run.py:_on_init():2176] communicating current version
2023-04-18 21:17:11,190 INFO    Thread-4290 (_run_job):15732 [wandb_run.py:_on_init():2185] got version response 
2023-04-18 21:17:11,190 INFO    Thread-4290 (_run_job):15732 [wandb_init.py:init():782] starting run threads in backend
2023-04-18 21:17:12,434 INFO    Thread-4290 (_run_job):15732 [wandb_run.py:_console_start():2157] atexit reg
2023-04-18 21:17:12,434 INFO    Thread-4290 (_run_job):15732 [wandb_run.py:_redirect():2012] redirect: SettingsConsole.WRAP_RAW
2023-04-18 21:17:12,434 INFO    Thread-4290 (_run_job):15732 [wandb_run.py:_redirect():2077] Wrapping output streams.
2023-04-18 21:17:12,434 INFO    Thread-4290 (_run_job):15732 [wandb_run.py:_redirect():2102] Redirects installed.
2023-04-18 21:17:12,434 INFO    Thread-4290 (_run_job):15732 [wandb_init.py:init():824] run started, returning control to user process
2023-04-18 21:22:30,597 INFO    Thread-4290 (_run_job):15732 [wandb_run.py:_finish():1892] finishing run cosminaionut/Defect-Detection-Sweep/a14h36p2
2023-04-18 21:22:30,605 INFO    Thread-4290 (_run_job):15732 [wandb_run.py:_atexit_cleanup():2126] got exitcode: 0
2023-04-18 21:22:30,605 INFO    Thread-4290 (_run_job):15732 [wandb_run.py:_restore():2109] restore
2023-04-18 21:22:30,607 INFO    Thread-4290 (_run_job):15732 [wandb_run.py:_restore():2115] restore done
2023-04-18 21:22:35,539 INFO    Thread-4290 (_run_job):15732 [wandb_run.py:_footer_history_summary_info():3476] rendering history
2023-04-18 21:22:35,541 INFO    Thread-4290 (_run_job):15732 [wandb_run.py:_footer_history_summary_info():3508] rendering summary
2023-04-18 21:22:35,550 INFO    Thread-4290 (_run_job):15732 [wandb_run.py:_footer_sync_info():3434] logging synced files
2023-04-18 21:22:49,099 INFO    Thread-4744 (_run_job):15732 [wandb_setup.py:_flush():76] Configure stats pid to 15732
2023-04-18 21:22:49,099 INFO    Thread-4744 (_run_job):15732 [wandb_setup.py:_flush():76] Loading settings from C:\Users\cosmi\.config\wandb\settings
2023-04-18 21:22:49,099 INFO    Thread-4744 (_run_job):15732 [wandb_setup.py:_flush():76] Loading settings from C:\MyDocuments\Disertatie\segments\wandb_visualization\wandb\settings
2023-04-18 21:22:49,099 INFO    Thread-4744 (_run_job):15732 [wandb_setup.py:_flush():76] Loading settings from environment variables: {'entity': 'cosminaionut', 'project': 'Defect-Detection-Sweep', 'root_dir': 'C:\\MyDocuments\\Disertatie\\segments\\wandb_visualization', 'run_id': 'cmiodcxb', 'sweep_param_path': 'C:\\MyDocuments\\Disertatie\\segments\\wandb_visualization\\wandb\\sweep-jhqu5hnj\\config-cmiodcxb.yaml', 'sweep_id': 'jhqu5hnj'}
2023-04-18 21:22:49,099 INFO    Thread-4744 (_run_job):15732 [wandb_setup.py:_flush():76] Applying setup settings: {'_disable_service': False}
2023-04-18 21:22:49,099 INFO    Thread-4744 (_run_job):15732 [wandb_setup.py:_flush():76] Inferring run settings from compute environment: {'program_relpath': 'sweeps_configuration.py', 'program': 'C:\\MyDocuments\\Disertatie\\segments\\wandb_visualization\\sweeps_configuration.py'}
2023-04-18 21:22:49,099 INFO    Thread-4744 (_run_job):15732 [wandb_init.py:_log_setup():507] Logging user logs to C:\MyDocuments\Disertatie\segments\wandb_visualization\wandb\run-20230418_212249-cmiodcxb\logs\debug.log
2023-04-18 21:22:49,099 INFO    Thread-4744 (_run_job):15732 [wandb_init.py:_log_setup():508] Logging internal logs to C:\MyDocuments\Disertatie\segments\wandb_visualization\wandb\run-20230418_212249-cmiodcxb\logs\debug-internal.log
2023-04-18 21:22:49,099 INFO    Thread-4744 (_run_job):15732 [wandb_init.py:init():547] calling init triggers
2023-04-18 21:22:49,099 INFO    Thread-4744 (_run_job):15732 [wandb_init.py:init():554] wandb.init called with sweep_config: {'batch_size': 80, 'epochs': 200, 'hidden_layer_size': [20], 'learning_rate': 0.06019055452059261, 'monitor': 'val_mse', 'optimizer': 'sgd', 'patience': 10}
config: {}
2023-04-18 21:22:49,099 INFO    Thread-4744 (_run_job):15732 [wandb_init.py:init():595] starting backend
2023-04-18 21:22:49,099 INFO    Thread-4744 (_run_job):15732 [wandb_init.py:init():599] setting up manager
2023-04-18 21:22:49,117 INFO    Thread-4744 (_run_job):15732 [backend.py:_multiprocessing_setup():106] multiprocessing start_methods=spawn, using: spawn
2023-04-18 21:22:49,133 INFO    Thread-4744 (_run_job):15732 [wandb_init.py:init():605] backend started and connected
2023-04-18 21:22:49,169 INFO    Thread-4744 (_run_job):15732 [wandb_run.py:_config_callback():1285] config_cb None None {'batch_size': 80, 'epochs': 200, 'hidden_layer_size': [20], 'learning_rate': 0.06019055452059261, 'monitor': 'val_mse', 'optimizer': 'sgd', 'patience': 10}
2023-04-18 21:22:49,172 INFO    Thread-4744 (_run_job):15732 [wandb_init.py:init():695] updated telemetry
2023-04-18 21:22:49,172 INFO    Thread-4744 (_run_job):15732 [wandb_init.py:init():732] communicating run to backend with 60.0 second timeout
2023-04-18 21:22:49,694 INFO    Thread-4744 (_run_job):15732 [wandb_run.py:_on_init():2176] communicating current version
2023-04-18 21:22:49,917 INFO    Thread-4744 (_run_job):15732 [wandb_run.py:_on_init():2185] got version response 
2023-04-18 21:22:49,917 INFO    Thread-4744 (_run_job):15732 [wandb_init.py:init():782] starting run threads in backend
2023-04-18 21:22:51,159 INFO    Thread-4744 (_run_job):15732 [wandb_run.py:_console_start():2157] atexit reg
2023-04-18 21:22:51,160 INFO    Thread-4744 (_run_job):15732 [wandb_run.py:_redirect():2012] redirect: SettingsConsole.WRAP_RAW
2023-04-18 21:22:51,160 INFO    Thread-4744 (_run_job):15732 [wandb_run.py:_redirect():2077] Wrapping output streams.
2023-04-18 21:22:51,160 INFO    Thread-4744 (_run_job):15732 [wandb_run.py:_redirect():2102] Redirects installed.
2023-04-18 21:22:51,160 INFO    Thread-4744 (_run_job):15732 [wandb_init.py:init():824] run started, returning control to user process
2023-04-18 21:38:25,955 INFO    Thread-4744 (_run_job):15732 [wandb_run.py:_finish():1892] finishing run cosminaionut/Defect-Detection-Sweep/cmiodcxb
2023-04-18 21:38:25,955 INFO    Thread-4744 (_run_job):15732 [wandb_run.py:_atexit_cleanup():2126] got exitcode: 0
2023-04-18 21:38:25,955 INFO    Thread-4744 (_run_job):15732 [wandb_run.py:_restore():2109] restore
2023-04-18 21:38:25,955 INFO    Thread-4744 (_run_job):15732 [wandb_run.py:_restore():2115] restore done
