Traceback (most recent call last):
  File "C:\Python310\lib\site-packages\pandas\compat\_optional.py", line 141, in import_optional_dependency
    module = importlib.import_module(name)
  File "C:\Python310\lib\importlib\__init__.py", line 126, in import_module
    return _bootstrap._gcd_import(name[level:], package, level)
  File "<frozen importlib._bootstrap>", line 1050, in _gcd_import
  File "<frozen importlib._bootstrap>", line 1027, in _find_and_load
  File "<frozen importlib._bootstrap>", line 1004, in _find_and_load_unlocked
ModuleNotFoundError: No module named 'openpyxl'
During handling of the above exception, another exception occurred:
Traceback (most recent call last):
  File "C:\MyDocuments\Disertatie\segments\wandb_visualization\one_model\train_model.py", line 27, in <module>
    x_train, x_test, y_train, y_test = split_data(data[0], test_size)
  File "C:\MyDocuments\Disertatie\segments\model_training\one_model\one_model_generating.py", line 92, in split_data
    df_samples_slim = pd.read_excel(data, engine='openpyxl')
  File "C:\Python310\lib\site-packages\pandas\util\_decorators.py", line 211, in wrapper
    return func(*args, **kwargs)
  File "C:\Python310\lib\site-packages\pandas\util\_decorators.py", line 331, in wrapper
    return func(*args, **kwargs)
  File "C:\Python310\lib\site-packages\pandas\io\excel\_base.py", line 482, in read_excel
    io = ExcelFile(io, storage_options=storage_options, engine=engine)
  File "C:\Python310\lib\site-packages\pandas\io\excel\_base.py", line 1695, in __init__
    self._reader = self._engines[engine](self._io, storage_options=storage_options)
  File "C:\Python310\lib\site-packages\pandas\io\excel\_openpyxl.py", line 556, in __init__
    import_optional_dependency("openpyxl")
  File "C:\Python310\lib\site-packages\pandas\compat\_optional.py", line 144, in import_optional_dependency
    raise ImportError(msg)
ImportError: Missing optional dependency 'openpyxl'.  Use pip or conda to install openpyxl.